# Server version 0.08 running on DESKTOP-KBF0LM0:8123
# Game ID: 3
# Board class: pentago_twist.PentagoBoard
# Timeout: 20000
# First Move Timeout: 30000
# Date: Sat Apr 10 12:17:25 EDT 2021
# Player 1: Player-0, 'Human', running on DESKTOP-KBF0LM0
# Player 2: Player-1, 'RandomPlayer', running on DESKTOP-KBF0LM0
START Player-0 Human
START Player-1 RandomPlayer
0 0 1 1 0
4 4 2 0 1
1 1 0 0 0
1 0 1 0 1
2 1 0 0 0
1 4 1 1 1
1 2 0 0 0
1 0 2 1 1
GAMEOVER ILLEGAL MOVE: Player 0, Move: (3, 1), R/F: (2, 2) WINNER 1
# Game ended: Sat Apr 10 12:18:05 EDT 2021
